#
# There is insufficient memory for the Java Runtime Environment to continue.
# Native memory allocation (malloc) failed to allocate 100736 bytes for Chunk::new
# Possible reasons:
#   The system is out of physical RAM or swap space
#   In 32 bit mode, the process size limit was hit
# Possible solutions:
#   Reduce memory load on the system
#   Increase physical memory or swap space
#   Check if swap backing store is full
#   Use 64 bit Java on a 64 bit OS
#   Decrease Java heap size (-Xmx/-Xms)
#   Decrease number of Java threads
#   Decrease Java thread stack sizes (-Xss)
#   Set larger code cache with -XX:ReservedCodeCacheSize=
# This output file may be truncated or incomplete.
#
#  Out of Memory Error (allocation.cpp:390), pid=4456, tid=0x0000000000002ba8
#
# JRE version: Java(TM) SE Runtime Environment (8.0_181-b13) (build 1.8.0_181-b13)
# Java VM: Java HotSpot(TM) 64-Bit Server VM (25.181-b13 mixed mode windows-amd64 compressed oops)
# Failed to write core dump. Minidumps are not enabled by default on client versions of Windows
#

---------------  T H R E A D  ---------------

Current thread (0x000000001736a800):  JavaThread "C2 CompilerThread0" daemon [_thread_in_native, id=11176, stack(0x00000000189c0000,0x0000000018ac0000)]

Stack: [0x00000000189c0000,0x0000000018ac0000]
[error occurred during error reporting (printing stack bounds), id 0xc0000005]

Native frames: (J=compiled Java code, j=interpreted, Vv=VM code, C=native code)


Current CompileTask:
C2:  82832 2269       4       javax.swing.plaf.basic.BasicHTML::updateRenderer (89 bytes)


---------------  P R O C E S S  ---------------

Java Threads: ( => current thread )
  0x0000000019fa3800 JavaThread "LWJGL Timer" daemon [_thread_blocked, id=10200, stack(0x0000000022960000,0x0000000022a60000)]
  0x000000000273e000 JavaThread "DestroyJavaVM" [_thread_blocked, id=11180, stack(0x0000000002590000,0x0000000002690000)]
  0x0000000019084000 JavaThread "AWT-EventQueue-0" [_thread_in_native, id=11228, stack(0x00000000197b0000,0x00000000198b0000)]
  0x000000001907f000 JavaThread "AWT-Windows" daemon [_thread_in_native, id=11220, stack(0x00000000195f0000,0x00000000196f0000)]
  0x000000001907c000 JavaThread "AWT-Shutdown" [_thread_blocked, id=11224, stack(0x00000000194f0000,0x00000000195f0000)]
  0x000000001907a800 JavaThread "Java2D Disposer" daemon [_thread_blocked, id=11216, stack(0x00000000193f0000,0x00000000194f0000)]
  0x0000000018cea800 JavaThread "Service Thread" daemon [_thread_blocked, id=11056, stack(0x00000000190c0000,0x00000000191c0000)]
  0x0000000017386000 JavaThread "C1 CompilerThread2" daemon [_thread_blocked, id=11148, stack(0x0000000018bc0000,0x0000000018cc0000)]
  0x0000000017370800 JavaThread "C2 CompilerThread1" daemon [_thread_blocked, id=11144, stack(0x0000000018ac0000,0x0000000018bc0000)]
=>0x000000001736a800 JavaThread "C2 CompilerThread0" daemon [_thread_in_native, id=11176, stack(0x00000000189c0000,0x0000000018ac0000)]
  0x0000000017376000 JavaThread "Attach Listener" daemon [_thread_blocked, id=11160, stack(0x00000000188c0000,0x00000000189c0000)]
  0x0000000017375000 JavaThread "Signal Dispatcher" daemon [_thread_blocked, id=11164, stack(0x00000000187c0000,0x00000000188c0000)]
  0x000000001735a800 JavaThread "Finalizer" daemon [_thread_blocked, id=11192, stack(0x00000000185d0000,0x00000000186d0000)]
  0x0000000017339000 JavaThread "Reference Handler" daemon [_thread_blocked, id=11172, stack(0x00000000184d0000,0x00000000185d0000)]

Other Threads:
  0x0000000017336800 VMThread [stack: 0x00000000183d0000,0x00000000184d0000] [id=11188]
  0x0000000018d0d800 WatcherThread [stack: 0x00000000191c0000,0x00000000192c0000] [id=11140]

VM state:not at safepoint (normal execution)

VM Mutex/Monitor currently owned by a thread: None

Heap:
 PSYoungGen      total 442368K, used 102852K [0x00000000d5f00000, 0x00000000f2000000, 0x0000000100000000)
  eden space 425984K, 24% used [0x00000000d5f00000,0x00000000dc321250,0x00000000eff00000)
  from space 16384K, 1% used [0x00000000f1000000,0x00000000f1050000,0x00000000f2000000)
  to   space 16896K, 0% used [0x00000000eff00000,0x00000000eff00000,0x00000000f0f80000)
 ParOldGen       total 87552K, used 19461K [0x0000000081c00000, 0x0000000087180000, 0x00000000d5f00000)
  object space 87552K, 22% used [0x0000000081c00000,0x0000000082f01628,0x0000000087180000)
 Metaspace       used 13285K, capacity 13471K, committed 13568K, reserved 1060864K
  class space    used 1429K, capacity 1491K, committed 1536K, reserved 1048576K

Card table byte_map: [0x0000000011c00000,0x0000000012000000] byte_map_base: 0x00000000117f2000

Marking Bits: (ParMarkBitMap*) 0x0000000051da2d00
 Begin Bits: [0x00000000126b0000, 0x0000000014640000)
 End Bits:   [0x0000000014640000, 0x00000000165d0000)

Polling page: 0x0000000000cb0000

CodeCache: size=245760Kb used=7290Kb max_used=7301Kb free=238469Kb
 bounds [0x0000000002840000, 0x0000000002f70000, 0x0000000011840000]
 total_blobs=2625 nmethods=2025 adapters=512
 compilation: enabled

Compilation events (10 events):
Event: 78.746 Thread 0x0000000017370800 nmethod 2264 0x0000000002f40490 code [0x0000000002f405e0, 0x0000000002f406d8]
Event: 78.949 Thread 0x000000001736a800 2265       4       java.lang.System::checkKey (34 bytes)
Event: 78.950 Thread 0x000000001736a800 nmethod 2265 0x0000000002f609d0 code [0x0000000002f60b00, 0x0000000002f60c38]
Event: 80.066 Thread 0x0000000017370800 2266       4       java.util.WeakHashMap::put (162 bytes)
Event: 80.070 Thread 0x0000000017370800 nmethod 2266 0x0000000002f68490 code [0x0000000002f68600, 0x0000000002f68a18]
Event: 80.125 Thread 0x000000001736a800 2267       4       java.awt.event.InvocationEvent::<init> (52 bytes)
Event: 80.131 Thread 0x000000001736a800 nmethod 2267 0x0000000002f67310 code [0x0000000002f674c0, 0x0000000002f67b80]
Event: 80.266 Thread 0x0000000017370800 2268  s    4       javax.swing.RepaintManager::getPaintManager (107 bytes)
Event: 80.267 Thread 0x0000000017370800 nmethod 2268 0x0000000002f68d90 code [0x0000000002f68ee0, 0x0000000002f690f8]
Event: 80.470 Thread 0x000000001736a800 2269       4       javax.swing.plaf.basic.BasicHTML::updateRenderer (89 bytes)

GC Heap History (10 events):
Event: 2.400 GC heap before
{Heap before GC invocations=6 (full 0):
 PSYoungGen      total 71680K, used 71650K [0x00000000d5f00000, 0x00000000e0700000, 0x0000000100000000)
  eden space 66560K, 100% used [0x00000000d5f00000,0x00000000da000000,0x00000000da000000)
  from space 5120K, 99% used [0x00000000da000000,0x00000000da4f8950,0x00000000da500000)
  to   space 19456K, 0% used [0x00000000df400000,0x00000000df400000,0x00000000e0700000)
 ParOldGen       total 87552K, used 17688K [0x0000000081c00000, 0x0000000087180000, 0x00000000d5f00000)
  object space 87552K, 20% used [0x0000000081c00000,0x0000000082d46240,0x0000000087180000)
 Metaspace       used 12311K, capacity 12539K, committed 12800K, reserved 1060864K
  class space    used 1401K, capacity 1487K, committed 1536K, reserved 1048576K
Event: 2.408 GC heap after
Heap after GC invocations=6 (full 0):
 PSYoungGen      total 149504K, used 7846K [0x00000000d5f00000, 0x00000000e0400000, 0x0000000100000000)
  eden space 133120K, 0% used [0x00000000d5f00000,0x00000000d5f00000,0x00000000de100000)
  from space 16384K, 47% used [0x00000000df400000,0x00000000dfba9958,0x00000000e0400000)
  to   space 17920K, 0% used [0x00000000de100000,0x00000000de100000,0x00000000df280000)
 ParOldGen       total 87552K, used 17696K [0x0000000081c00000, 0x0000000087180000, 0x00000000d5f00000)
  object space 87552K, 20% used [0x0000000081c00000,0x0000000082d48240,0x0000000087180000)
 Metaspace       used 12311K, capacity 12539K, committed 12800K, reserved 1060864K
  class space    used 1401K, capacity 1487K, committed 1536K, reserved 1048576K
}
Event: 3.813 GC heap before
{Heap before GC invocations=7 (full 0):
 PSYoungGen      total 149504K, used 140966K [0x00000000d5f00000, 0x00000000e0400000, 0x0000000100000000)
  eden space 133120K, 100% used [0x00000000d5f00000,0x00000000de100000,0x00000000de100000)
  from space 16384K, 47% used [0x00000000df400000,0x00000000dfba9958,0x00000000e0400000)
  to   space 17920K, 0% used [0x00000000de100000,0x00000000de100000,0x00000000df280000)
 ParOldGen       total 87552K, used 17696K [0x0000000081c00000, 0x0000000087180000, 0x00000000d5f00000)
  object space 87552K, 20% used [0x0000000081c00000,0x0000000082d48240,0x0000000087180000)
 Metaspace       used 12484K, capacity 12667K, committed 12800K, reserved 1060864K
  class space    used 1408K, capacity 1487K, committed 1536K, reserved 1048576K
Event: 3.817 GC heap after
Heap after GC invocations=7 (full 0):
 PSYoungGen      total 151040K, used 192K [0x00000000d5f00000, 0x00000000e8600000, 0x0000000100000000)
  eden space 133120K, 0% used [0x00000000d5f00000,0x00000000d5f00000,0x00000000de100000)
  from space 17920K, 1% used [0x00000000de100000,0x00000000de130000,0x00000000df280000)
  to   space 17920K, 0% used [0x00000000e7480000,0x00000000e7480000,0x00000000e8600000)
 ParOldGen       total 87552K, used 19309K [0x0000000081c00000, 0x0000000087180000, 0x00000000d5f00000)
  object space 87552K, 22% used [0x0000000081c00000,0x0000000082edb628,0x0000000087180000)
 Metaspace       used 12484K, capacity 12667K, committed 12800K, reserved 1060864K
  class space    used 1408K, capacity 1487K, committed 1536K, reserved 1048576K
}
Event: 10.329 GC heap before
{Heap before GC invocations=8 (full 0):
 PSYoungGen      total 151040K, used 133312K [0x00000000d5f00000, 0x00000000e8600000, 0x0000000100000000)
  eden space 133120K, 100% used [0x00000000d5f00000,0x00000000de100000,0x00000000de100000)
  from space 17920K, 1% used [0x00000000de100000,0x00000000de130000,0x00000000df280000)
  to   space 17920K, 0% used [0x00000000e7480000,0x00000000e7480000,0x00000000e8600000)
 ParOldGen       total 87552K, used 19309K [0x0000000081c00000, 0x0000000087180000, 0x00000000d5f00000)
  object space 87552K, 22% used [0x0000000081c00000,0x0000000082edb628,0x0000000087180000)
 Metaspace       used 12562K, capacity 12731K, committed 13056K, reserved 1060864K
  class space    used 1408K, capacity 1487K, committed 1536K, reserved 1048576K
Event: 10.330 GC heap after
Heap after GC invocations=8 (full 0):
 PSYoungGen      total 284160K, used 160K [0x00000000d5f00000, 0x00000000e8600000, 0x0000000100000000)
  eden space 266240K, 0% used [0x00000000d5f00000,0x00000000d5f00000,0x00000000e6300000)
  from space 17920K, 0% used [0x00000000e7480000,0x00000000e74a8000,0x00000000e8600000)
  to   space 17920K, 0% used [0x00000000e6300000,0x00000000e6300000,0x00000000e7480000)
 ParOldGen       total 87552K, used 19333K [0x0000000081c00000, 0x0000000087180000, 0x00000000d5f00000)
  object space 87552K, 22% used [0x0000000081c00000,0x0000000082ee1628,0x0000000087180000)
 Metaspace       used 12562K, capacity 12731K, committed 13056K, reserved 1060864K
  class space    used 1408K, capacity 1487K, committed 1536K, reserved 1048576K
}
Event: 21.095 GC heap before
{Heap before GC invocations=9 (full 0):
 PSYoungGen      total 284160K, used 266400K [0x00000000d5f00000, 0x00000000e8600000, 0x0000000100000000)
  eden space 266240K, 100% used [0x00000000d5f00000,0x00000000e6300000,0x00000000e6300000)
  from space 17920K, 0% used [0x00000000e7480000,0x00000000e74a8000,0x00000000e8600000)
  to   space 17920K, 0% used [0x00000000e6300000,0x00000000e6300000,0x00000000e7480000)
 ParOldGen       total 87552K, used 19333K [0x0000000081c00000, 0x0000000087180000, 0x00000000d5f00000)
  object space 87552K, 22% used [0x0000000081c00000,0x0000000082ee1628,0x0000000087180000)
 Metaspace       used 12564K, capacity 12731K, committed 13056K, reserved 1060864K
  class space    used 1408K, capacity 1487K, committed 1536K, reserved 1048576K
Event: 21.097 GC heap after
Heap after GC invocations=9 (full 0):
 PSYoungGen      total 284160K, used 320K [0x00000000d5f00000, 0x00000000f2100000, 0x0000000100000000)
  eden space 266240K, 0% used [0x00000000d5f00000,0x00000000d5f00000,0x00000000e6300000)
  from space 17920K, 1% used [0x00000000e6300000,0x00000000e6350000,0x00000000e7480000)
  to   space 17408K, 0% used [0x00000000f1000000,0x00000000f1000000,0x00000000f2100000)
 ParOldGen       total 87552K, used 19341K [0x0000000081c00000, 0x0000000087180000, 0x00000000d5f00000)
  object space 87552K, 22% used [0x0000000081c00000,0x0000000082ee3628,0x0000000087180000)
 Metaspace       used 12564K, capacity 12731K, committed 13056K, reserved 1060864K
  class space    used 1408K, capacity 1487K, committed 1536K, reserved 1048576K
}
Event: 31.869 GC heap before
{Heap before GC invocations=10 (full 0):
 PSYoungGen      total 284160K, used 266560K [0x00000000d5f00000, 0x00000000f2100000, 0x0000000100000000)
  eden space 266240K, 100% used [0x00000000d5f00000,0x00000000e6300000,0x00000000e6300000)
  from space 17920K, 1% used [0x00000000e6300000,0x00000000e6350000,0x00000000e7480000)
  to   space 17408K, 0% used [0x00000000f1000000,0x00000000f1000000,0x00000000f2100000)
 ParOldGen       total 87552K, used 19341K [0x0000000081c00000, 0x0000000087180000, 0x00000000d5f00000)
  object space 87552K, 22% used [0x0000000081c00000,0x0000000082ee3628,0x0000000087180000)
 Metaspace       used 12565K, capacity 12731K, committed 13056K, reserved 1060864K
  class space    used 1408K, capacity 1487K, committed 1536K, reserved 1048576K
Event: 31.871 GC heap after
Heap after GC invocations=10 (full 0):
 PSYoungGen      total 442368K, used 320K [0x00000000d5f00000, 0x00000000f2000000, 0x0000000100000000)
  eden space 425984K, 0% used [0x00000000d5f00000,0x00000000d5f00000,0x00000000eff00000)
  from space 16384K, 1% used [0x00000000f1000000,0x00000000f1050000,0x00000000f2000000)
  to   space 16896K, 0% used [0x00000000eff00000,0x00000000eff00000,0x00000000f0f80000)
 ParOldGen       total 87552K, used 19461K [0x0000000081c00000, 0x0000000087180000, 0x00000000d5f00000)
  object space 87552K, 22% used [0x0000000081c00000,0x0000000082f01628,0x0000000087180000)
 Metaspace       used 12565K, capacity 12731K, committed 13056K, reserved 1060864K
  class space    used 1408K, capacity 1487K, committed 1536K, reserved 1048576K
}

Deoptimization events (10 events):
Event: 2.144 Thread 0x0000000019084000 Uncommon trap: reason=array_check action=maybe_recompile pc=0x0000000002bb5620 method=java.util.AbstractCollection.toArray([Ljava/lang/Object;)[Ljava/lang/Object; @ 119
Event: 2.144 Thread 0x0000000019084000 Uncommon trap: reason=array_check action=maybe_recompile pc=0x0000000002bb5620 method=java.util.AbstractCollection.toArray([Ljava/lang/Object;)[Ljava/lang/Object; @ 119
Event: 2.144 Thread 0x0000000019084000 Uncommon trap: reason=array_check action=maybe_recompile pc=0x0000000002bb5620 method=java.util.AbstractCollection.toArray([Ljava/lang/Object;)[Ljava/lang/Object; @ 119
Event: 2.297 Thread 0x0000000019084000 Uncommon trap: reason=unreached action=reinterpret pc=0x0000000002c088a8 method=renderEngine.OBJLoader.loadObjModel(Ljava/lang/String;LrenderEngine/Loader;)Lmodels/RawModel; @ 431
Event: 2.440 Thread 0x0000000019084000 Uncommon trap: reason=unstable_if action=reinterpret pc=0x0000000002c06ad8 method=renderEngine.OBJLoader.loadObjModel(Ljava/lang/String;LrenderEngine/Loader;)Lmodels/RawModel; @ 431
Event: 33.952 Thread 0x0000000019084000 Uncommon trap: reason=class_check action=maybe_recompile pc=0x0000000002bbbf00 method=java.util.Arrays.copyOf([Ljava/lang/Object;ILjava/lang/Class;)[Ljava/lang/Object; @ 24
Event: 33.999 Thread 0x0000000018dc2000 Uncommon trap: reason=unstable_if action=reinterpret pc=0x0000000002d9e7b8 method=java.util.HashMap.clear()V @ 16
Event: 34.058 Thread 0x0000000019084000 Uncommon trap: reason=class_check action=maybe_recompile pc=0x0000000002bbbf00 method=java.util.Arrays.copyOf([Ljava/lang/Object;ILjava/lang/Class;)[Ljava/lang/Object; @ 24
Event: 34.064 Thread 0x0000000019084000 Uncommon trap: reason=class_check action=maybe_recompile pc=0x0000000002bbbf00 method=java.util.Arrays.copyOf([Ljava/lang/Object;ILjava/lang/Class;)[Ljava/lang/Object; @ 24
Event: 34.072 Thread 0x0000000019084000 Uncommon trap: reason=class_check action=maybe_recompile pc=0x0000000002bbbf00 method=java.util.Arrays.copyOf([Ljava/lang/Object;ILjava/lang/Class;)[Ljava/lang/Object; @ 24

Classes redefined (0 events):
No events

Internal exceptions (10 events):
Event: 0.030 Thread 0x000000000273e000 Exception <a 'java/lang/NoSuchMethodError': Method sun.misc.Unsafe.prefetchRead(Ljava/lang/Object;J)V name or signature does not match> (0x00000000d5f07f98) thrown at [C:\re\workspace\8-2-build-windows-amd64-cygwin\jdk8u181\11358\hotspot\src\share\vm\prim
Event: 0.094 Thread 0x000000000273e000 Exception <a 'java/security/PrivilegedActionException'> (0x00000000d5f8d668) thrown at [C:\re\workspace\8-2-build-windows-amd64-cygwin\jdk8u181\11358\hotspot\src\share\vm\prims\jvm.cpp, line 1435]
Event: 0.094 Thread 0x000000000273e000 Exception <a 'java/security/PrivilegedActionException'> (0x00000000d5f8d878) thrown at [C:\re\workspace\8-2-build-windows-amd64-cygwin\jdk8u181\11358\hotspot\src\share\vm\prims\jvm.cpp, line 1435]
Event: 0.094 Thread 0x000000000273e000 Exception <a 'java/security/PrivilegedActionException'> (0x00000000d5f90398) thrown at [C:\re\workspace\8-2-build-windows-amd64-cygwin\jdk8u181\11358\hotspot\src\share\vm\prims\jvm.cpp, line 1435]
Event: 0.094 Thread 0x000000000273e000 Exception <a 'java/security/PrivilegedActionException'> (0x00000000d5f905a8) thrown at [C:\re\workspace\8-2-build-windows-amd64-cygwin\jdk8u181\11358\hotspot\src\share\vm\prims\jvm.cpp, line 1435]
Event: 0.098 Thread 0x000000000273e000 Exception <a 'java/io/FileNotFoundException'> (0x00000000d5f92388) thrown at [C:\re\workspace\8-2-build-windows-amd64-cygwin\jdk8u181\11358\hotspot\src\share\vm\prims\jni.cpp, line 709]
Event: 0.128 Thread 0x000000000273e000 Exception <a 'java/lang/NoSuchFieldError': method resolution failed> (0x00000000d6109298) thrown at [C:\re\workspace\8-2-build-windows-amd64-cygwin\jdk8u181\11358\hotspot\src\share\vm\prims\methodHandles.cpp, line 1167]
Event: 0.130 Thread 0x000000000273e000 Exception <a 'java/lang/NoSuchFieldError': method resolution failed> (0x00000000d6116668) thrown at [C:\re\workspace\8-2-build-windows-amd64-cygwin\jdk8u181\11358\hotspot\src\share\vm\prims\methodHandles.cpp, line 1167]
Event: 0.176 Thread 0x0000000019084000 Exception <a 'java/io/FileNotFoundException'> (0x00000000d62f5108) thrown at [C:\re\workspace\8-2-build-windows-amd64-cygwin\jdk8u181\11358\hotspot\src\share\vm\prims\jni.cpp, line 709]
Event: 33.999 Thread 0x0000000018dc2000 Implicit null exception at 0x0000000002d9e6f6 to 0x0000000002d9e7a5

Events (10 events):
Event: 34.405 Thread 0x0000000017386000 flushing nmethod 0x0000000002d6ad50
Event: 34.405 Thread 0x0000000017386000 flushing nmethod 0x0000000002d7f290
Event: 34.405 Thread 0x0000000017386000 flushing nmethod 0x0000000002d9e590
Event: 39.049 Executing VM operation: RevokeBias
Event: 39.049 Executing VM operation: RevokeBias done
Event: 39.049 Thread 0x0000000018dc2000 Thread exited: 0x0000000018dc2000
Event: 48.555 Thread 0x000000001736a800 flushing nmethod 0x00000000029ccc90
Event: 48.555 Thread 0x000000001736a800 flushing nmethod 0x0000000002a073d0
Event: 49.736 Thread 0x0000000017370800 flushing nmethod 0x0000000002bbba50
Event: 80.641 loading class java/lang/InternalError


Dynamic libraries:
0x00007ff77d030000 - 0x00007ff77d067000 	E:\Java SRE\bin\javaw.exe
0x00007ffbe82d0000 - 0x00007ffbe84a2000 	C:\Windows\SYSTEM32\ntdll.dll
0x00007ffbe79a0000 - 0x00007ffbe7a4c000 	C:\Windows\System32\KERNEL32.DLL
0x00007ffbe5640000 - 0x00007ffbe585d000 	C:\Windows\System32\KERNELBASE.dll
0x00007ffbe73a0000 - 0x00007ffbe7442000 	C:\Windows\System32\ADVAPI32.dll
0x00007ffbe7d20000 - 0x00007ffbe7dbe000 	C:\Windows\System32\msvcrt.dll
0x00007ffbe71b0000 - 0x00007ffbe7209000 	C:\Windows\System32\sechost.dll
0x00007ffbe7dc0000 - 0x00007ffbe7ee1000 	C:\Windows\System32\RPCRT4.dll
0x00007ffbe7230000 - 0x00007ffbe7395000 	C:\Windows\System32\USER32.dll
0x00007ffbe49f0000 - 0x00007ffbe4a0e000 	C:\Windows\System32\win32u.dll
0x00007ffbe80f0000 - 0x00007ffbe8124000 	C:\Windows\System32\GDI32.dll
0x00007ffbe4b20000 - 0x00007ffbe4ca0000 	C:\Windows\System32\gdi32full.dll
0x00007ffbdab40000 - 0x00007ffbdadba000 	C:\Windows\WinSxS\amd64_microsoft.windows.common-controls_6595b64144ccf1df_6.0.14393.953_none_42151e83c686086b\COMCTL32.dll
0x00007ffbe7a50000 - 0x00007ffbe7d18000 	C:\Windows\System32\combase.dll
0x00007ffbe4ca0000 - 0x00007ffbe4d95000 	C:\Windows\System32\ucrtbase.dll
0x00007ffbe55d0000 - 0x00007ffbe563a000 	C:\Windows\System32\bcryptPrimitives.dll
0x00007ffbe7770000 - 0x00007ffbe779e000 	C:\Windows\System32\IMM32.DLL
0x00000000513b0000 - 0x0000000051482000 	E:\Java SRE\bin\msvcr100.dll
0x0000000051580000 - 0x0000000051e22000 	E:\Java SRE\bin\server\jvm.dll
0x00007ffbe7600000 - 0x00007ffbe7608000 	C:\Windows\System32\PSAPI.DLL
0x00007ffbc82f0000 - 0x00007ffbc82f9000 	C:\Windows\SYSTEM32\WSOCK32.dll
0x00007ffbe2cf0000 - 0x00007ffbe2d13000 	C:\Windows\SYSTEM32\WINMM.dll
0x00007ffbe8020000 - 0x00007ffbe808a000 	C:\Windows\System32\WS2_32.dll
0x00007ffbdbcf0000 - 0x00007ffbdbcfa000 	C:\Windows\SYSTEM32\VERSION.dll
0x00007ffbe2c90000 - 0x00007ffbe2cbb000 	C:\Windows\SYSTEM32\WINMMBASE.dll
0x00007ffbe47d0000 - 0x00007ffbe4812000 	C:\Windows\System32\cfgmgr32.dll
0x0000000051570000 - 0x000000005157f000 	E:\Java SRE\bin\verify.dll
0x0000000051540000 - 0x0000000051569000 	E:\Java SRE\bin\java.dll
0x0000000051520000 - 0x0000000051536000 	E:\Java SRE\bin\zip.dll
0x00007ffbe5ca0000 - 0x00007ffbe71a9000 	C:\Windows\System32\SHELL32.dll
0x00007ffbe4da0000 - 0x00007ffbe5479000 	C:\Windows\System32\windows.storage.dll
0x00007ffbe4780000 - 0x00007ffbe47cc000 	C:\Windows\System32\powrprof.dll
0x00007ffbe78a0000 - 0x00007ffbe78f2000 	C:\Windows\System32\shlwapi.dll
0x00007ffbe4770000 - 0x00007ffbe477f000 	C:\Windows\System32\kernel.appcore.dll
0x00007ffbe4a70000 - 0x00007ffbe4b19000 	C:\Windows\System32\shcore.dll
0x00007ffbe4740000 - 0x00007ffbe4754000 	C:\Windows\System32\profapi.dll
0x0000000051210000 - 0x00000000513a9000 	E:\Java SRE\bin\awt.dll
0x00007ffbe7f60000 - 0x00007ffbe801f000 	C:\Windows\System32\OLEAUT32.dll
0x00007ffbe5530000 - 0x00007ffbe55cc000 	C:\Windows\System32\msvcp_win.dll
0x00007ffbe29f0000 - 0x00007ffbe2a6a000 	C:\Windows\SYSTEM32\apphelp.dll
0x00007ffbe2ea0000 - 0x00007ffbe2f35000 	C:\Windows\system32\uxtheme.dll
0x00007ffbe7610000 - 0x00007ffbe776a000 	C:\Windows\System32\MSCTF.dll
0x00007ffbe1df0000 - 0x00007ffbe1e16000 	C:\Windows\system32\dwmapi.dll
0x00007ffbe7450000 - 0x00007ffbe7588000 	C:\Windows\System32\ole32.dll
0x00007ffbbe320000 - 0x00007ffbbe443000 	C:\Windows\system32\opengl32.dll
0x00007ffbbe2b0000 - 0x00007ffbbe2dd000 	C:\Windows\SYSTEM32\GLU32.dll
0x00007ffbbe140000 - 0x00007ffbbe237000 	C:\Windows\SYSTEM32\DDRAW.dll
0x00007ffbbe130000 - 0x00007ffbbe138000 	C:\Windows\SYSTEM32\DCIMAN32.dll
0x00000000511d0000 - 0x0000000051201000 	E:\Java SRE\bin\jpeg.dll
0x0000000051180000 - 0x00000000511c7000 	E:\Java SRE\bin\fontmanager.dll
0x0000000051500000 - 0x000000005151a000 	E:\Java SRE\bin\net.dll
0x00007ffbe4070000 - 0x00007ffbe40cc000 	C:\Windows\system32\mswsock.dll
0x00000000514e0000 - 0x00000000514f1000 	E:\Java SRE\bin\nio.dll
0x0000000051130000 - 0x0000000051172000 	E:\Java SRE\bin\t2k.dll
0x0000000180000000 - 0x0000000180051000 	E:\ECLIPSE\GameEngine\lib\natives\lwjgl64.dll
0x00007ffbb5980000 - 0x00007ffbb6859000 	C:\Windows\System32\DriverStore\FileRepository\ki124164.inf_amd64_85b60d2b8c3af983\ig9icd64.dll
0x00007ffbe2160000 - 0x00007ffbe2173000 	C:\Windows\SYSTEM32\WTSAPI32.dll
0x00007ffbe3780000 - 0x00007ffbe381f000 	C:\Windows\SYSTEM32\dxgi.dll
0x00007ffbdadc0000 - 0x00007ffbdae51000 	C:\Windows\SYSTEM32\mscms.dll
0x00007ffbe3e30000 - 0x00007ffbe3e4f000 	C:\Windows\SYSTEM32\USERENV.dll
0x00007ffbd7b30000 - 0x00007ffbd7b72000 	C:\Windows\SYSTEM32\icm32.dll
0x00007ffbdca50000 - 0x00007ffbde052000 	C:\Windows\System32\DriverStore\FileRepository\ki124164.inf_amd64_85b60d2b8c3af983\igc64.dll
0x00007ffbe4220000 - 0x00007ffbe4237000 	C:\Windows\SYSTEM32\CRYPTSP.dll
0x00007ffbe3c70000 - 0x00007ffbe3ca3000 	C:\Windows\system32\rsaenh.dll
0x00007ffbe4320000 - 0x00007ffbe434b000 	C:\Windows\SYSTEM32\bcrypt.dll
0x00007ffbe4210000 - 0x00007ffbe421b000 	C:\Windows\SYSTEM32\CRYPTBASE.dll
0x00007ffbe3df0000 - 0x00007ffbe3e28000 	C:\Windows\SYSTEM32\IPHLPAPI.DLL
0x00007ffbe7ef0000 - 0x00007ffbe7ef8000 	C:\Windows\System32\NSI.dll
0x00007ffbdc180000 - 0x00007ffbdc196000 	C:\Windows\SYSTEM32\dhcpcsvc6.DLL
0x00007ffbdc230000 - 0x00007ffbdc24a000 	C:\Windows\SYSTEM32\dhcpcsvc.DLL

VM Arguments:
jvm_args: -Djava.library.path=E:\ECLIPSE\GameEngine\lib\natives -Dfile.encoding=Cp1252 
java_command: engineTester.Main
java_class_path (initial): E:\Java SRE\lib\resources.jar;E:\Java SRE\lib\rt.jar;E:\Java SRE\lib\jsse.jar;E:\Java SRE\lib\jce.jar;E:\Java SRE\lib\charsets.jar;E:\Java SRE\lib\jfr.jar;E:\Java SRE\lib\ext\access-bridge-64.jar;E:\Java SRE\lib\ext\cldrdata.jar;E:\Java SRE\lib\ext\dnsns.jar;E:\Java SRE\lib\ext\jaccess.jar;E:\Java SRE\lib\ext\jfxrt.jar;E:\Java SRE\lib\ext\localedata.jar;E:\Java SRE\lib\ext\nashorn.jar;E:\Java SRE\lib\ext\sunec.jar;E:\Java SRE\lib\ext\sunjce_provider.jar;E:\Java SRE\lib\ext\sunmscapi.jar;E:\Java SRE\lib\ext\sunpkcs11.jar;E:\Java SRE\lib\ext\zipfs.jar;E:\ECLIPSE\GameEngine\bin;E:\ECLIPSE\GameEngine\lib\jars\lwjgl_util.jar;E:\ECLIPSE\GameEngine\lib\jars\lwjgl.jar;E:\ECLIPSE\GameEngine\lib\jars\slick-util.jar;E:\ECLIPSE\GameEngine\lib\jars\PNGDecoder.jar;E:\ECLIPSE\GameEngine\vlcj-3.0.1-dist\vlcj-3.0.1\jna-3.5.2.jar;E:\ECLIPSE\GameEngine\vlcj-3.0.1-dist\vlcj-3.0.1\platform-3.5.2.jar;E:\ECLIPSE\GameEngine\vlcj-3.0.1-dist\vlcj-3.0.1\vlcj-3.0.1.jar
Launcher Type: SUN_STANDARD

Environment Variables:
PATH=E:/Java SRE/bin/server;E:/Java SRE/bin;E:/Java SRE/lib/amd64;C:\Program Files (x86)\Common Files\Oracle\Java\javapath;C:\Program Files (x86)\Intel\iCLS Client\;C:\Program Files\Intel\iCLS Client\;C:\Windows\system32;C:\Windows;C:\Windows\System32\Wbem;C:\Windows\System32\WindowsPowerShell\v1.0\;C:\Program Files (x86)\Intel\Intel(R) Management Engine Components\DAL;C:\Program Files\Intel\Intel(R) Management Engine Components\DAL;C:\Program Files (x86)\Intel\Intel(R) Management Engine Components\IPT;C:\Program Files\Intel\Intel(R) Management Engine Components\IPT;C:\Program Files (x86)\NVIDIA Corporation\PhysX\Common;C:\Program Files\Intel\WiFi\bin\;C:\Program Files\Common Files\Intel\WirelessCommon\;C:\Program Files (x86)\GtkSharp\2.12\bin;E:\fjava\bin;E:\Java SRE\bin;E:\Java\bin;C:\Program Files\Java\jdk1.8.0_21\lib;C:\Program Files\Java\jdk1.8.0_181\bin;C:\Users\HP\AppData\Local\Microsoft\WindowsApps;c:\Program Files\Intel\WiFi\bin\;c:\Program Files\Common Files\Intel\WirelessCommon\;E:\Java SRE\bin;E:\Java\bin;C:\Windows\system32;
USERNAME=HP
OS=Windows_NT
PROCESSOR_IDENTIFIER=Intel64 Family 6 Model 142 Stepping 9, GenuineIntel



---------------  S Y S T E M  ---------------

OS: Windows 10.0 , 64 bit Build 14393 (10.0.14393.2189)

CPU:total 4 (initial active 4) (2 cores per cpu, 2 threads per core) family 6 model 142 stepping 9, cmov, cx8, fxsr, mmx, sse, sse2, sse3, ssse3, sse4.1, sse4.2, popcnt, avx, avx2, aes, clmul, erms, 3dnowpref, lzcnt, ht, tsc, tscinvbit, bmi1, bmi2, adx

Memory: 4k page, physical 8271076k(1069268k free), swap 10283476k(116k free)

vm_info: Java HotSpot(TM) 64-Bit Server VM (25.181-b13) for windows-amd64 JRE (1.8.0_181-b13), built on Jul  7 2018 04:01:33 by "java_re" with MS VC++ 10.0 (VS2010)

time: Fri Oct 05 18:58:55 2018
elapsed time: 83 seconds (0d 0h 1m 23s)

